[23:38:28] [Client thread/INFO]: Setting user: Player828
[23:38:30] [Client thread/INFO]: LWJGL Version: 2.9.1
[23:38:35] [Client thread/INFO]: Reloading ResourceManager: Default, FMLFileResourcePack:Forge Mod Loader, FMLFileResourcePack:Minecraft Forge, FMLFileResourcePack:Static Continuance
[23:38:35] [Sound Library Loader/INFO]: Starting up SoundSystem...
[23:38:36] [Thread-7/INFO]: Initializing LWJGL OpenAL
[23:38:36] [Thread-7/INFO]: (The LWJGL binding of OpenAL.  For more information, see http://www.lwjgl.org)
[23:38:36] [Thread-7/INFO]: OpenAL initialized.
[23:38:36] [Sound Library Loader/INFO]: Sound engine started
[23:38:37] [Client thread/WARN]: Unable to load definition staticcontinuance:tank#normal
java.lang.RuntimeException: Encountered an exception when loading model definition of model staticcontinuance:blockstates/tank.json
	at net.minecraft.client.resources.model.ModelBakery.getModelBlockDefinition(ModelBakery.java:177) ~[ModelBakery.class:?]
	at net.minecraft.client.resources.model.ModelBakery.loadVariants(ModelBakery.java:118) [ModelBakery.class:?]
	at net.minecraft.client.resources.model.ModelBakery.loadVariantItemModels(ModelBakery.java:98) [ModelBakery.class:?]
	at net.minecraft.client.resources.model.ModelBakery.setupModelRegistry(ModelBakery.java:88) [ModelBakery.class:?]
	at net.minecraft.client.resources.model.ModelManager.onResourceManagerReload(ModelManager.java:29) [ModelManager.class:?]
	at net.minecraft.client.resources.SimpleReloadableResourceManager.registerReloadListener(SimpleReloadableResourceManager.java:124) [SimpleReloadableResourceManager.class:?]
	at net.minecraft.client.Minecraft.startGame(Minecraft.java:470) [Minecraft.class:?]
	at net.minecraft.client.Minecraft.run(Minecraft.java:325) [Minecraft.class:?]
	at net.minecraft.client.main.Main.main(Main.java:117) [Main.class:?]
	at sun.reflect.NativeMethodAccessorImpl.invoke0(Native Method) ~[?:1.8.0_25]
	at sun.reflect.NativeMethodAccessorImpl.invoke(NativeMethodAccessorImpl.java:62) ~[?:1.8.0_25]
	at sun.reflect.DelegatingMethodAccessorImpl.invoke(DelegatingMethodAccessorImpl.java:43) ~[?:1.8.0_25]
	at java.lang.reflect.Method.invoke(Method.java:483) ~[?:1.8.0_25]
	at net.minecraft.launchwrapper.Launch.launch(Launch.java:135) [launchwrapper-1.11.jar:?]
	at net.minecraft.launchwrapper.Launch.main(Launch.java:28) [launchwrapper-1.11.jar:?]
	at net.minecraftforge.gradle.GradleStartCommon.launch(GradleStartCommon.java:78) [start/:?]
	at GradleStart.main(GradleStart.java:45) [start/:?]
	at sun.reflect.NativeMethodAccessorImpl.invoke0(Native Method) ~[?:1.8.0_25]
	at sun.reflect.NativeMethodAccessorImpl.invoke(NativeMethodAccessorImpl.java:62) ~[?:1.8.0_25]
	at sun.reflect.DelegatingMethodAccessorImpl.invoke(DelegatingMethodAccessorImpl.java:43) ~[?:1.8.0_25]
	at java.lang.reflect.Method.invoke(Method.java:483) ~[?:1.8.0_25]
	at com.intellij.rt.execution.application.AppMain.main(AppMain.java:134) [idea_rt.jar:?]
Caused by: java.io.FileNotFoundException: staticcontinuance:blockstates/tank.json
	at net.minecraft.client.resources.FallbackResourceManager.getAllResources(FallbackResourceManager.java:99) ~[FallbackResourceManager.class:?]
	at net.minecraft.client.resources.SimpleReloadableResourceManager.getAllResources(SimpleReloadableResourceManager.java:81) ~[SimpleReloadableResourceManager.class:?]
	at net.minecraft.client.resources.model.ModelBakery.getModelBlockDefinition(ModelBakery.java:152) ~[ModelBakery.class:?]
	... 21 more
[23:38:37] [Client thread/WARN]: Unable to load item model: 'staticcontinuance:item/tank' for item: 'staticcontinuance:tank'
java.io.FileNotFoundException: staticcontinuance:models/item/tank.json
	at net.minecraft.client.resources.FallbackResourceManager.getResource(FallbackResourceManager.java:70) ~[FallbackResourceManager.class:?]
	at net.minecraft.client.resources.SimpleReloadableResourceManager.getResource(SimpleReloadableResourceManager.java:67) ~[SimpleReloadableResourceManager.class:?]
	at net.minecraft.client.resources.model.ModelBakery.loadModel(ModelBakery.java:260) ~[ModelBakery.class:?]
	at net.minecraft.client.resources.model.ModelBakery.loadItemModels(ModelBakery.java:307) [ModelBakery.class:?]
	at net.minecraft.client.resources.model.ModelBakery.loadVariantItemModels(ModelBakery.java:105) [ModelBakery.class:?]
	at net.minecraft.client.resources.model.ModelBakery.setupModelRegistry(ModelBakery.java:88) [ModelBakery.class:?]
	at net.minecraft.client.resources.model.ModelManager.onResourceManagerReload(ModelManager.java:29) [ModelManager.class:?]
	at net.minecraft.client.resources.SimpleReloadableResourceManager.registerReloadListener(SimpleReloadableResourceManager.java:124) [SimpleReloadableResourceManager.class:?]
	at net.minecraft.client.Minecraft.startGame(Minecraft.java:470) [Minecraft.class:?]
	at net.minecraft.client.Minecraft.run(Minecraft.java:325) [Minecraft.class:?]
	at net.minecraft.client.main.Main.main(Main.java:117) [Main.class:?]
	at sun.reflect.NativeMethodAccessorImpl.invoke0(Native Method) ~[?:1.8.0_25]
	at sun.reflect.NativeMethodAccessorImpl.invoke(NativeMethodAccessorImpl.java:62) ~[?:1.8.0_25]
	at sun.reflect.DelegatingMethodAccessorImpl.invoke(DelegatingMethodAccessorImpl.java:43) ~[?:1.8.0_25]
	at java.lang.reflect.Method.invoke(Method.java:483) ~[?:1.8.0_25]
	at net.minecraft.launchwrapper.Launch.launch(Launch.java:135) [launchwrapper-1.11.jar:?]
	at net.minecraft.launchwrapper.Launch.main(Launch.java:28) [launchwrapper-1.11.jar:?]
	at net.minecraftforge.gradle.GradleStartCommon.launch(GradleStartCommon.java:78) [start/:?]
	at GradleStart.main(GradleStart.java:45) [start/:?]
	at sun.reflect.NativeMethodAccessorImpl.invoke0(Native Method) ~[?:1.8.0_25]
	at sun.reflect.NativeMethodAccessorImpl.invoke(NativeMethodAccessorImpl.java:62) ~[?:1.8.0_25]
	at sun.reflect.DelegatingMethodAccessorImpl.invoke(DelegatingMethodAccessorImpl.java:43) ~[?:1.8.0_25]
	at java.lang.reflect.Method.invoke(Method.java:483) ~[?:1.8.0_25]
	at com.intellij.rt.execution.application.AppMain.main(AppMain.java:134) [idea_rt.jar:?]
[23:38:38] [Client thread/INFO]: Created: 512x512 textures-atlas
[23:38:38] [Client thread/WARN]: Missing model for: staticcontinuance:item/tank
[23:38:38] [Client thread/INFO]: Reloading ResourceManager: Default, FMLFileResourcePack:Forge Mod Loader, FMLFileResourcePack:Minecraft Forge, FMLFileResourcePack:Static Continuance
[23:38:38] [Client thread/INFO]: SoundSystem shutting down...
[23:38:38] [Client thread/WARN]: Author: Paul Lamb, www.paulscode.com
[23:38:38] [Sound Library Loader/INFO]: Starting up SoundSystem...
[23:38:39] [Thread-9/INFO]: Initializing LWJGL OpenAL
[23:38:39] [Thread-9/INFO]: (The LWJGL binding of OpenAL.  For more information, see http://www.lwjgl.org)
[23:38:39] [Thread-9/INFO]: OpenAL initialized.
[23:38:39] [Sound Library Loader/INFO]: Sound engine started
[23:38:40] [Client thread/WARN]: Unable to load definition staticcontinuance:tank#normal
java.lang.RuntimeException: Encountered an exception when loading model definition of model staticcontinuance:blockstates/tank.json
	at net.minecraft.client.resources.model.ModelBakery.getModelBlockDefinition(ModelBakery.java:177) ~[ModelBakery.class:?]
	at net.minecraft.client.resources.model.ModelBakery.loadVariants(ModelBakery.java:118) [ModelBakery.class:?]
	at net.minecraft.client.resources.model.ModelBakery.loadVariantItemModels(ModelBakery.java:98) [ModelBakery.class:?]
	at net.minecraft.client.resources.model.ModelBakery.setupModelRegistry(ModelBakery.java:88) [ModelBakery.class:?]
	at net.minecraft.client.resources.model.ModelManager.onResourceManagerReload(ModelManager.java:29) [ModelManager.class:?]
	at net.minecraft.client.resources.SimpleReloadableResourceManager.notifyReloadListeners(SimpleReloadableResourceManager.java:134) [SimpleReloadableResourceManager.class:?]
	at net.minecraft.client.resources.SimpleReloadableResourceManager.reloadResources(SimpleReloadableResourceManager.java:118) [SimpleReloadableResourceManager.class:?]
	at net.minecraft.client.Minecraft.refreshResources(Minecraft.java:727) [Minecraft.class:?]
	at net.minecraftforge.fml.client.FMLClientHandler.finishMinecraftLoading(FMLClientHandler.java:306) [FMLClientHandler.class:?]
	at net.minecraft.client.Minecraft.startGame(Minecraft.java:484) [Minecraft.class:?]
	at net.minecraft.client.Minecraft.run(Minecraft.java:325) [Minecraft.class:?]
	at net.minecraft.client.main.Main.main(Main.java:117) [Main.class:?]
	at sun.reflect.NativeMethodAccessorImpl.invoke0(Native Method) ~[?:1.8.0_25]
	at sun.reflect.NativeMethodAccessorImpl.invoke(NativeMethodAccessorImpl.java:62) ~[?:1.8.0_25]
	at sun.reflect.DelegatingMethodAccessorImpl.invoke(DelegatingMethodAccessorImpl.java:43) ~[?:1.8.0_25]
	at java.lang.reflect.Method.invoke(Method.java:483) ~[?:1.8.0_25]
	at net.minecraft.launchwrapper.Launch.launch(Launch.java:135) [launchwrapper-1.11.jar:?]
	at net.minecraft.launchwrapper.Launch.main(Launch.java:28) [launchwrapper-1.11.jar:?]
	at net.minecraftforge.gradle.GradleStartCommon.launch(GradleStartCommon.java:78) [start/:?]
	at GradleStart.main(GradleStart.java:45) [start/:?]
	at sun.reflect.NativeMethodAccessorImpl.invoke0(Native Method) ~[?:1.8.0_25]
	at sun.reflect.NativeMethodAccessorImpl.invoke(NativeMethodAccessorImpl.java:62) ~[?:1.8.0_25]
	at sun.reflect.DelegatingMethodAccessorImpl.invoke(DelegatingMethodAccessorImpl.java:43) ~[?:1.8.0_25]
	at java.lang.reflect.Method.invoke(Method.java:483) ~[?:1.8.0_25]
	at com.intellij.rt.execution.application.AppMain.main(AppMain.java:134) [idea_rt.jar:?]
Caused by: java.io.FileNotFoundException: staticcontinuance:blockstates/tank.json
	at net.minecraft.client.resources.FallbackResourceManager.getAllResources(FallbackResourceManager.java:99) ~[FallbackResourceManager.class:?]
	at net.minecraft.client.resources.SimpleReloadableResourceManager.getAllResources(SimpleReloadableResourceManager.java:81) ~[SimpleReloadableResourceManager.class:?]
	at net.minecraft.client.resources.model.ModelBakery.getModelBlockDefinition(ModelBakery.java:152) ~[ModelBakery.class:?]
	... 24 more
[23:38:40] [Client thread/WARN]: Unable to load item model: 'staticcontinuance:item/tank' for item: 'staticcontinuance:tank'
java.io.FileNotFoundException: staticcontinuance:models/item/tank.json
	at net.minecraft.client.resources.FallbackResourceManager.getResource(FallbackResourceManager.java:70) ~[FallbackResourceManager.class:?]
	at net.minecraft.client.resources.SimpleReloadableResourceManager.getResource(SimpleReloadableResourceManager.java:67) ~[SimpleReloadableResourceManager.class:?]
	at net.minecraft.client.resources.model.ModelBakery.loadModel(ModelBakery.java:260) ~[ModelBakery.class:?]
	at net.minecraft.client.resources.model.ModelBakery.loadItemModels(ModelBakery.java:307) [ModelBakery.class:?]
	at net.minecraft.client.resources.model.ModelBakery.loadVariantItemModels(ModelBakery.java:105) [ModelBakery.class:?]
	at net.minecraft.client.resources.model.ModelBakery.setupModelRegistry(ModelBakery.java:88) [ModelBakery.class:?]
	at net.minecraft.client.resources.model.ModelManager.onResourceManagerReload(ModelManager.java:29) [ModelManager.class:?]
	at net.minecraft.client.resources.SimpleReloadableResourceManager.notifyReloadListeners(SimpleReloadableResourceManager.java:134) [SimpleReloadableResourceManager.class:?]
	at net.minecraft.client.resources.SimpleReloadableResourceManager.reloadResources(SimpleReloadableResourceManager.java:118) [SimpleReloadableResourceManager.class:?]
	at net.minecraft.client.Minecraft.refreshResources(Minecraft.java:727) [Minecraft.class:?]
	at net.minecraftforge.fml.client.FMLClientHandler.finishMinecraftLoading(FMLClientHandler.java:306) [FMLClientHandler.class:?]
	at net.minecraft.client.Minecraft.startGame(Minecraft.java:484) [Minecraft.class:?]
	at net.minecraft.client.Minecraft.run(Minecraft.java:325) [Minecraft.class:?]
	at net.minecraft.client.main.Main.main(Main.java:117) [Main.class:?]
	at sun.reflect.NativeMethodAccessorImpl.invoke0(Native Method) ~[?:1.8.0_25]
	at sun.reflect.NativeMethodAccessorImpl.invoke(NativeMethodAccessorImpl.java:62) ~[?:1.8.0_25]
	at sun.reflect.DelegatingMethodAccessorImpl.invoke(DelegatingMethodAccessorImpl.java:43) ~[?:1.8.0_25]
	at java.lang.reflect.Method.invoke(Method.java:483) ~[?:1.8.0_25]
	at net.minecraft.launchwrapper.Launch.launch(Launch.java:135) [launchwrapper-1.11.jar:?]
	at net.minecraft.launchwrapper.Launch.main(Launch.java:28) [launchwrapper-1.11.jar:?]
	at net.minecraftforge.gradle.GradleStartCommon.launch(GradleStartCommon.java:78) [start/:?]
	at GradleStart.main(GradleStart.java:45) [start/:?]
	at sun.reflect.NativeMethodAccessorImpl.invoke0(Native Method) ~[?:1.8.0_25]
	at sun.reflect.NativeMethodAccessorImpl.invoke(NativeMethodAccessorImpl.java:62) ~[?:1.8.0_25]
	at sun.reflect.DelegatingMethodAccessorImpl.invoke(DelegatingMethodAccessorImpl.java:43) ~[?:1.8.0_25]
	at java.lang.reflect.Method.invoke(Method.java:483) ~[?:1.8.0_25]
	at com.intellij.rt.execution.application.AppMain.main(AppMain.java:134) [idea_rt.jar:?]
[23:38:40] [Client thread/INFO]: Created: 512x512 textures-atlas
[23:38:40] [Client thread/WARN]: Missing model for: staticcontinuance:item/tank
[23:38:43] [Server thread/INFO]: Starting integrated minecraft server version 1.8
[23:38:43] [Server thread/INFO]: Generating keypair
[23:38:44] [Server thread/INFO]: Preparing start region for level 0
[23:38:44] [Server thread/INFO]: Changing view distance to 12, from 10
[23:38:45] [Server thread/INFO]: Player828[local:E:925b1449] logged in with entity id 62 at (-937.9023153239887, 4.0, -586.461470076964)
[23:38:45] [Server thread/INFO]: Player828 joined the game
[23:38:51] [Server thread/INFO]: Player828 has just earned the achievement [Taking Inventory]
[23:38:51] [Client thread/INFO]: [CHAT] Player828 has just earned the achievement [Taking Inventory]
[23:45:29] [Server thread/WARN]: The save is being accessed from another location, aborting
[23:46:14] [Server thread/WARN]: The save is being accessed from another location, aborting
ileResourcePack:Forge Mod Loader, FMLFileResourcePack:Minecraft Forge, FMLFileResourcePack:Static Continuance
[23:44:58] [Sound Library Loader/INFO]: Starting up SoundSystem...
[23:44:58] [Thread-6/INFO]: Initializing LWJGL OpenAL
[23:44:58] [Thread-6/INFO]: (The LWJGL binding of OpenAL.  For more information, see http://www.lwjgl.org)
[23:44:58] [Thread-6/INFO]: OpenAL initialized.
[23:44:58] [Sound Library Loader/INFO]: Sound engine started
[23:44:59] [Client thread/WARN]: Unable to load definition staticcontinuance:tank#normal
java.lang.RuntimeException: Encountered an exception when loading model definition of model staticcontinuance:blockstates/tank.json
	at net.minecraft.client.resources.model.ModelBakery.getModelBlockDefinition(ModelBakery.java:177) ~[ModelBakery.class:?]
	at net.minecraft.client.resources.model.ModelBakery.loadVariants(ModelBakery.java:118) [ModelBakery.class:?]
	at net.minecraft.client.resources.model.ModelBakery.loadVariantItemModels(ModelBakery.java:98) [ModelBakery.class:?]
	at net.minecraft.client.resources.model.ModelBakery.setupModelRegistry(ModelBakery.java:88) [ModelBakery.class:?]
	at net.minecraft.client.resources.model.ModelManager.onResourceManagerReload(ModelManager.java:29) [ModelManager.class:?]
	at net.minecraft.client.resources.SimpleReloadableResourceManager.registerReloadListener(SimpleReloadableResourceManager.java:124) [SimpleReloadableResourceManager.class:?]
	at net.minecraft.client.Minecraft.startGame(Minecraft.java:470) [Minecraft.class:?]
	at net.minecraft.client.Minecraft.run(Minecraft.java:325) [Minecraft.class:?]
	at net.minecraft.client.main.Main.main(Main.java:117) [Main.class:?]
	at sun.reflect.NativeMethodAccessorImpl.invoke0(Native Method) ~[?:1.8.0_25]
	at sun.reflect.NativeMethodAccessorImpl.invoke(NativeMethodAccessorImpl.java:62) ~[?:1.8.0_25]
	at sun.reflect.DelegatingMethodAccessorImpl.invoke(DelegatingMethodAccessorImpl.java:43) ~[?:1.8.0_25]
	at java.lang.reflect.Method.invoke(Method.java:483) ~[?:1.8.0_25]
	at net.minecraft.launchwrapper.Launch.launch(Launch.java:135) [launchwrapper-1.11.jar:?]
	at net.minecraft.launchwrapper.Launch.main(Launch.java:28) [launchwrapper-1.11.jar:?]
	at net.minecraftforge.gradle.GradleStartCommon.launch(GradleStartCommon.java:78) [start/:?]
	at GradleStart.main(GradleStart.java:45) [start/:?]
	at sun.reflect.NativeMethodAccessorImpl.invoke0(Native Method) ~[?:1.8.0_25]
	at sun.reflect.NativeMethodAccessorImpl.invoke(NativeMethodAccessorImpl.java:62) ~[?:1.8.0_25]
	at sun.reflect.DelegatingMethodAccessorImpl.invoke(DelegatingMethodAccessorImpl.java:43) ~[?:1.8.0_25]
	at java.lang.reflect.Method.invoke(Method.java:483) ~[?:1.8.0_25]
	at com.intellij.rt.execution.application.AppMain.main(AppMain.java:134) [idea_rt.jar:?]
Caused by: java.io.FileNotFoundException: staticcontinuance:blockstates/tank.json
	at net.minecraft.client.resources.FallbackResourceManager.getAllResources(FallbackResourceManager.java:99) ~[FallbackResourceManager.class:?]
	at net.minecraft.client.resources.SimpleReloadableResourceManager.getAllResources(SimpleReloadableResourceManager.java:81) ~[SimpleReloadableResourceManager.class:?]
	at net.minecraft.client.resources.model.ModelBakery.getModelBlockDefinition(ModelBakery.java:152) ~[ModelBakery.class:?]
	... 21 more
[23:45:00] [Client thread/WARN]: Unable to load item model: 'staticcontinuance:item/tank' for item: 'staticcontinuance:tank'
java.io.FileNotFoundException: staticcontinuance:models/item/tank.json
	at net.minecraft.client.resources.FallbackResourceManager.getResource(FallbackResourceManager.java:70) ~[FallbackResourceManager.class:?]
	at net.minecraft.client.resources.SimpleReloadableResourceManager.getResource(SimpleReloadableResourceManager.java:67) ~[SimpleReloadableResourceManager.class:?]
	at net.minecraft.client.resources.model.ModelBakery.loadModel(ModelBakery.java:260) ~[ModelBakery.class:?]
	at net.minecraft.client.resources.model.ModelBakery.loadItemModels(ModelBakery.java:307) [ModelBakery.class:?]
	at net.minecraft.client.resources.model.ModelBakery.loadVariantItemModels(ModelBakery.java:105) [ModelBakery.class:?]
	at net.minecraft.client.resources.model.ModelBakery.setupModelRegistry(ModelBakery.java:88) [ModelBakery.class:?]
	at net.minecraft.client.resources.model.ModelManager.onResourceManagerReload(ModelManager.java:29) [ModelManager.class:?]
	at net.minecraft.client.resources.SimpleReloadableResourceManager.registerReloadListener(SimpleReloadableResourceManager.java:124) [SimpleReloadableResourceManager.class:?]
	at net.minecraft.client.Minecraft.startGame(Minecraft.java:470) [Minecraft.class:?]
	at net.minecraft.client.Minecraft.run(Minecraft.java:325) [Minecraft.class:?]
	at net.minecraft.client.main.Main.main(Main.java:117) [Main.class:?]
	at sun.reflect.NativeMethodAccessorImpl.invoke0(Native Method) ~[?:1.8.0_25]
	at sun.reflect.NativeMethodAccessorImpl.invoke(NativeMethodAccessorImpl.java:62) ~[?:1.8.0_25]
	at sun.reflect.DelegatingMethodAccessorImpl.invoke(DelegatingMethodAccessorImpl.java:43) ~[?:1.8.0_25]
	at java.lang.reflect.Method.invoke(Method.java:483) ~[?:1.8.0_25]
	at net.minecraft.launchwrapper.Launch.launch(Launch.java:135) [launchwrapper-1.11.jar:?]
	at net.minecraft.launchwrapper.Launch.main(Launch.java:28) [launchwrapper-1.11.jar:?]
	at net.minecraftforge.gradle.GradleStartCommon.launch(GradleStartCommon.java:78) [start/:?]
	at GradleStart.main(GradleStart.java:45) [start/:?]
	at sun.reflect.NativeMethodAccessorImpl.invoke0(Native Method) ~[?:1.8.0_25]
	at sun.reflect.NativeMethodAccessorImpl.invoke(NativeMethodAccessorImpl.java:62) ~[?:1.8.0_25]
	at sun.reflect.DelegatingMethodAccessorImpl.invoke(DelegatingMethodAccessorImpl.java:43) ~[?:1.8.0_25]
	at java.lang.reflect.Method.invoke(Method.java:483) ~[?:1.8.0_25]
	at com.intellij.rt.execution.application.AppMain.main(AppMain.java:134) [idea_rt.jar:?]
[23:45:00] [Client thread/INFO]: Created: 512x512 textures-atlas
[23:45:00] [Client thread/WARN]: Missing model for: staticcontinuance:item/tank
[23:45:01] [Client thread/INFO]: Reloading ResourceManager: Default, FMLFileResourcePack:Forge Mod Loader, FMLFileResourcePack:Minecraft Forge, FMLFileResourcePack:Static Continuance
[23:45:01] [Client thread/INFO]: SoundSystem shutting down...
[23:45:01] [Client thread/WARN]: Author: Paul Lamb, www.paulscode.com
[23:45:01] [Sound Library Loader/INFO]: Starting up SoundSystem...
[23:45:01] [Thread-8/INFO]: Initializing LWJGL OpenAL
[23:45:01] [Thread-8/INFO]: (The LWJGL binding of OpenAL.  For more information, see http://www.lwjgl.org)
[23:45:01] [Thread-8/INFO]: OpenAL initialized.
[23:45:02] [Sound Library Loader/INFO]: Sound engine started
[23:45:02] [Client thread/WARN]: Unable to load definition staticcontinuance:tank#normal
java.lang.RuntimeException: Encountered an exception when loading model definition of model staticcontinuance:blockstates/tank.json
	at net.minecraft.client.resources.model.ModelBakery.getModelBlockDefinition(ModelBakery.java:177) ~[ModelBakery.class:?]
	at net.minecraft.client.resources.model.ModelBakery.loadVariants(ModelBakery.java:118) [ModelBakery.class:?]
	at net.minecraft.client.resources.model.ModelBakery.loadVariantItemModels(ModelBakery.java:98) [ModelBakery.class:?]
	at net.minecraft.client.resources.model.ModelBakery.setupModelRegistry(ModelBakery.java:88) [ModelBakery.class:?]
	at net.minecraft.client.resources.model.ModelManager.onResourceManagerReload(ModelManager.java:29) [ModelManager.class:?]
	at net.minecraft.client.resources.SimpleReloadableResourceManager.notifyReloadListeners(SimpleReloadableResourceManager.java:134) [SimpleReloadableResourceManager.class:?]
	at net.minecraft.client.resources.SimpleReloadableResourceManager.reloadResources(SimpleReloadableResourceManager.java:118) [SimpleReloadableResourceManager.class:?]
	at net.minecraft.client.Minecraft.refreshResources(Minecraft.java:727) [Minecraft.class:?]
	at net.minecraftforge.fml.client.FMLClientHandler.finishMinecraftLoading(FMLClientHandler.java:306) [FMLClientHandler.class:?]
	at net.minecraft.client.Minecraft.startGame(Minecraft.java:484) [Minecraft.class:?]
	at net.minecraft.client.Minecraft.run(Minecraft.java:325) [Minecraft.class:?]
	at net.minecraft.client.main.Main.main(Main.java:117) [Main.class:?]
	at sun.reflect.NativeMethodAccessorImpl.invoke0(Native Method) ~[?:1.8.0_25]
	at sun.reflect.NativeMethodAccessorImpl.invoke(NativeMethodAccessorImpl.java:62) ~[?:1.8.0_25]
	at sun.reflect.DelegatingMethodAccessorImpl.invoke(DelegatingMethodAccessorImpl.java:43) ~[?:1.8.0_25]
	at java.lang.reflect.Method.invoke(Method.java:483) ~[?:1.8.0_25]
	at net.minecraft.launchwrapper.Launch.launch(Launch.java:135) [launchwrapper-1.11.jar:?]
	at net.minecraft.launchwrapper.Launch.main(Launch.java:28) [launchwrapper-1.11.jar:?]
	at net.minecraftforge.gradle.GradleStartCommon.launch(GradleStartCommon.java:78) [start/:?]
	at GradleStart.main(GradleStart.java:45) [start/:?]
	at sun.reflect.NativeMethodAccessorImpl.invoke0(Native Method) ~[?:1.8.0_25]
	at sun.reflect.NativeMethodAccessorImpl.invoke(NativeMethodAccessorImpl.java:62) ~[?:1.8.0_25]
	at sun.reflect.DelegatingMethodAccessorImpl.invoke(DelegatingMethodAccessorImpl.java:43) ~[?:1.8.0_25]
	at java.lang.reflect.Method.invoke(Method.java:483) ~[?:1.8.0_25]
	at com.intellij.rt.execution.application.AppMain.main(AppMain.java:134) [idea_rt.jar:?]
Caused by: java.io.FileNotFoundException: staticcontinuance:blockstates/tank.json
	at net.minecraft.client.resources.FallbackResourceManager.getAllResources(FallbackResourceManager.java:99) ~[FallbackResourceManager.class:?]
	at net.minecraft.client.resources.SimpleReloadableResourceManager.getAllResources(SimpleReloadableResourceManager.java:81) ~[SimpleReloadableResourceManager.class:?]
	at net.minecraft.client.resources.model.ModelBakery.getModelBlockDefinition(ModelBakery.java:152) ~[ModelBakery.class:?]
	... 24 more
[23:45:02] [Client thread/WARN]: Unable to load item model: 'staticcontinuance:item/tank' for item: 'staticcontinuance:tank'
java.io.FileNotFoundException: staticcontinuance:models/item/tank.json
	at net.minecraft.client.resources.FallbackResourceManager.getResource(FallbackResourceManager.java:70) ~[FallbackResourceManager.class:?]
	at net.minecraft.client.resources.SimpleReloadableResourceManager.getResource(SimpleReloadableResourceManager.java:67) ~[SimpleReloadableResourceManager.class:?]
	at net.minecraft.client.resources.model.ModelBakery.loadModel(ModelBakery.java:260) ~[ModelBakery.class:?]
	at net.minecraft.client.resources.model.ModelBakery.loadItemModels(ModelBakery.java:307) [ModelBakery.class:?]
	at net.minecraft.client.resources.model.ModelBakery.loadVariantItemModels(ModelBakery.java:105) [ModelBakery.class:?]
	at net.minecraft.client.resources.model.ModelBakery.setupModelRegistry(ModelBakery.java:88) [ModelBakery.class:?]
	at net.minecraft.client.resources.model.ModelManager.onResourceManagerReload(ModelManager.java:29) [ModelManager.class:?]
	at net.minecraft.client.resources.SimpleReloadableResourceManager.notifyReloadListeners(SimpleReloadableResourceManager.java:134) [SimpleReloadableResourceManager.class:?]
	at net.minecraft.client.resources.SimpleReloadableResourceManager.reloadResources(SimpleReloadableResourceManager.java:118) [SimpleReloadableResourceManager.class:?]
	at net.minecraft.client.Minecraft.refreshResources(Minecraft.java:727) [Minecraft.class:?]
	at net.minecraftforge.fml.client.FMLClientHandler.finishMinecraftLoading(FMLClientHandler.java:306) [FMLClientHandler.class:?]
	at net.minecraft.client.Minecraft.startGame(Minecraft.java:484) [Minecraft.class:?]
	at net.minecraft.client.Minecraft.run(Minecraft.java:325) [Minecraft.class:?]
	at net.minecraft.client.main.Main.main(Main.java:117) [Main.class:?]
	at sun.reflect.NativeMethodAccessorImpl.invoke0(Native Method) ~[?:1.8.0_25]
	at sun.reflect.NativeMethodAccessorImpl.invoke(NativeMethodAccessorImpl.java:62) ~[?:1.8.0_25]
	at sun.reflect.DelegatingMethodAccessorImpl.invoke(DelegatingMethodAccessorImpl.java:43) ~[?:1.8.0_25]
	at java.lang.reflect.Method.invoke(Method.java:483) ~[?:1.8.0_25]
	at net.minecraft.launchwrapper.Launch.launch(Launch.java:135) [launchwrapper-1.11.jar:?]
	at net.minecraft.launchwrapper.Launch.main(Launch.java:28) [launchwrapper-1.11.jar:?]
	at net.minecraftforge.gradle.GradleStartCommon.launch(GradleStartCommon.java:78) [start/:?]
	at GradleStart.main(GradleStart.java:45) [start/:?]
	at sun.reflect.NativeMethodAccessorImpl.invoke0(Native Method) ~[?:1.8.0_25]
	at sun.reflect.NativeMethodAccessorImpl.invoke(NativeMethodAccessorImpl.java:62) ~[?:1.8.0_25]
	at sun.reflect.DelegatingMethodAccessorImpl.invoke(DelegatingMethodAccessorImpl.java:43) ~[?:1.8.0_25]
	at java.lang.reflect.Method.invoke(Method.java:483) ~[?:1.8.0_25]
	at com.intellij.rt.execution.application.AppMain.main(AppMain.java:134) [idea_rt.jar:?]
[23:45:03] [Client thread/INFO]: Created: 512x512 textures-atlas
[23:45:03] [Client thread/WARN]: Missing model for: staticcontinuance:item/tank
[23:45:06] [Server thread/INFO]: Starting integrated minecraft server version 1.8
[23:45:06] [Server thread/INFO]: Generating keypair
[23:45:06] [Server thread/INFO]: Preparing start region for level 0
[23:45:07] [Server thread/INFO]: Changing view distance to 12, from 10
[23:45:07] [Server thread/INFO]: Player265[local:E:9a7b48ad] logged in with entity id 64 at (-937.9023153239887, 4.0, -586.461470076964)
[23:45:07] [Server thread/INFO]: Player265 joined the game
[23:45:58] [Client thread/INFO]: Stopping!
[23:45:58] [Client thread/INFO]: SoundSystem shutting down...
[23:45:59] [Server thread/INFO]: Stopping server
[23:45:59] [Server thread/INFO]: Saving players
[23:45:59] [Server thread/INFO]: Saving worlds
[23:45:59] [Server thread/INFO]: Saving chunks for level 'New World'/Overworld
[23:45:59] [Server thread/INFO]: Saving chunks for level 'New World'/Nether
[23:45:59] [Server thread/INFO]: Saving chunks for level 'New World'/The End
[23:45:59] [Client thread/WARN]: Author: Paul Lamb, www.paulscode.com
