[11:25:44] [Client thread/INFO]: Setting user: Player234
[11:25:47] [Client thread/INFO]: LWJGL Version: 2.9.1
[11:25:52] [Client thread/INFO]: Reloading ResourceManager: Default, FMLFileResourcePack:Forge Mod Loader, FMLFileResourcePack:Minecraft Forge, FMLFileResourcePack:Not Enough Items, FMLFileResourcePack:Static Continuance, FMLFileResourcePack:Waila
[11:25:52] [Sound Library Loader/INFO]: Starting up SoundSystem...
[11:25:52] [Thread-8/INFO]: Initializing LWJGL OpenAL
[11:25:52] [Thread-8/INFO]: (The LWJGL binding of OpenAL.  For more information, see http://www.lwjgl.org)
[11:25:52] [Thread-8/INFO]: OpenAL initialized.
[11:25:53] [Sound Library Loader/INFO]: Sound engine started
[11:25:53] [Client thread/WARN]: Unable to load variant: level=8 from staticcontinuance:blockSteam#level=8
[11:25:53] [Client thread/WARN]: Unable to load variant: level=5 from staticcontinuance:blockSteam#level=5
[11:25:54] [Client thread/WARN]: Unable to load variant: level=4 from staticcontinuance:blockSteam#level=4
[11:25:54] [Client thread/WARN]: Unable to load variant: level=2 from staticcontinuance:blockSteam#level=2
[11:25:54] [Client thread/WARN]: Unable to load variant: level=0 from staticcontinuance:blockSteam#level=0
[11:25:54] [Client thread/WARN]: Unable to load variant: level=6 from staticcontinuance:blockSteam#level=6
[11:25:54] [Client thread/WARN]: Unable to load variant: level=3 from staticcontinuance:blockSteam#level=3
[11:25:54] [Client thread/WARN]: Unable to load variant: level=13 from staticcontinuance:blockSteam#level=13
[11:25:54] [Client thread/WARN]: Unable to load variant: level=15 from staticcontinuance:blockSteam#level=15
[11:25:54] [Client thread/WARN]: Unable to load variant: level=9 from staticcontinuance:blockSteam#level=9
[11:25:54] [Client thread/WARN]: Unable to load variant: level=12 from staticcontinuance:blockSteam#level=12
[11:25:54] [Client thread/WARN]: Unable to load variant: level=7 from staticcontinuance:blockSteam#level=7
[11:25:54] [Client thread/WARN]: Unable to load variant: level=11 from staticcontinuance:blockSteam#level=11
[11:25:54] [Client thread/WARN]: Unable to load variant: level=14 from staticcontinuance:blockSteam#level=14
[11:25:54] [Client thread/WARN]: Unable to load variant: level=1 from staticcontinuance:blockSteam#level=1
[11:25:54] [Client thread/WARN]: Unable to load variant: level=10 from staticcontinuance:blockSteam#level=10
[11:25:54] [Client thread/INFO]: Created: 512x512 textures-atlas
[11:25:56] [Client thread/INFO]: Reloading ResourceManager: Default, FMLFileResourcePack:Forge Mod Loader, FMLFileResourcePack:Minecraft Forge, FMLFileResourcePack:Not Enough Items, FMLFileResourcePack:Static Continuance, FMLFileResourcePack:Waila
[11:25:56] [Client thread/INFO]: SoundSystem shutting down...
[11:25:56] [Client thread/WARN]: Author: Paul Lamb, www.paulscode.com
[11:25:56] [Sound Library Loader/INFO]: Starting up SoundSystem...
[11:25:56] [Thread-12/INFO]: Initializing LWJGL OpenAL
[11:25:56] [Thread-12/INFO]: (The LWJGL binding of OpenAL.  For more information, see http://www.lwjgl.org)
[11:25:56] [Thread-12/INFO]: OpenAL initialized.
[11:25:57] [Sound Library Loader/INFO]: Sound engine started
[11:25:57] [Client thread/WARN]: Unable to load variant: level=8 from staticcontinuance:blockSteam#level=8
[11:25:57] [Client thread/WARN]: Unable to load variant: level=5 from staticcontinuance:blockSteam#level=5
[11:25:57] [Client thread/WARN]: Unable to load variant: level=4 from staticcontinuance:blockSteam#level=4
[11:25:57] [Client thread/WARN]: Unable to load variant: level=2 from staticcontinuance:blockSteam#level=2
[11:25:57] [Client thread/WARN]: Unable to load variant: level=0 from staticcontinuance:blockSteam#level=0
[11:25:57] [Client thread/WARN]: Unable to load variant: level=6 from staticcontinuance:blockSteam#level=6
[11:25:57] [Client thread/WARN]: Unable to load variant: level=3 from staticcontinuance:blockSteam#level=3
[11:25:57] [Client thread/WARN]: Unable to load variant: level=13 from staticcontinuance:blockSteam#level=13
[11:25:57] [Client thread/WARN]: Unable to load variant: level=15 from staticcontinuance:blockSteam#level=15
[11:25:57] [Client thread/WARN]: Unable to load variant: level=9 from staticcontinuance:blockSteam#level=9
[11:25:57] [Client thread/WARN]: Unable to load variant: level=12 from staticcontinuance:blockSteam#level=12
[11:25:57] [Client thread/WARN]: Unable to load variant: level=7 from staticcontinuance:blockSteam#level=7
[11:25:57] [Client thread/WARN]: Unable to load variant: level=11 from staticcontinuance:blockSteam#level=11
[11:25:57] [Client thread/WARN]: Unable to load variant: level=14 from staticcontinuance:blockSteam#level=14
[11:25:57] [Client thread/WARN]: Unable to load variant: level=1 from staticcontinuance:blockSteam#level=1
[11:25:57] [Client thread/WARN]: Unable to load variant: level=10 from staticcontinuance:blockSteam#level=10
[11:25:58] [Client thread/INFO]: Created: 512x512 textures-atlas
[11:26:03] [Server thread/INFO]: Starting integrated minecraft server version 1.8
[11:26:03] [Server thread/INFO]: Generating keypair
[11:26:04] [Server thread/INFO]: Preparing start region for level 0
[11:26:04] [Server thread/INFO]: Changing view distance to 12, from 10
[11:26:04] [Server thread/INFO]: Player234[local:E:b0808360] logged in with entity id 64 at (-1359.1314948038682, 4.0, 788.1294366688937)
[11:26:04] [Server thread/INFO]: Player234 joined the game
[11:26:14] [Server thread/INFO]: Player234 has just earned the achievement [Taking Inventory]
[11:26:14] [Client thread/INFO]: [CHAT] Player234 has just earned the achievement [Taking Inventory]
